=== node 0 ===
 ===== NEW FILE test.gala ===== 
=== node 0 ===
AFTER PARSE 140248987276032.
=== node 1 ===
AFTER PARSE 140248987277536.
=== node 2 ===
AFTER PARSE 140248987279040.
=== node 3 ===
AFTER PARSE 140248987279416.
=== node 4 ===
AFTER PARSE 140248987287736.
=== node 5 ===
AFTER PARSE 140248987295304.
=== node 6 ===
AFTER PARSE 140248987302496.
=== node 7 ===
AFTER PARSE 140248987307056.
=== node 8 ===
AFTER PARSE 140248987317632.
=== node 9 ===
AFTER PARSE 140248987343816.
=== node 10 ===
AFTER PARSE 140248987351760.
 === namecheck ===
=== node 0 ===
ptr  140248987276032.
=== node 1 ===
ptr  140248987277536.
=== node 2 ===
ptr  140248987279040.
=== node 3 ===
ptr  140248987279416.
=== node 4 ===
ptr  140248987287736.
=== node 5 ===
ptr  140248987295304.
=== node 6 ===
ptr  140248987302496.
=== node 7 ===
ptr  140248987307056.
=== node 8 ===
ptr  140248987317632.
=== node 9 ===
ptr  140248987343816.
=== node 10 ===
ptr  140248987351760.
 === typecheck ===
=== node 0 ===
ptr  140248987276032.
=== node 1 ===
ptr  140248987277536.
=== node 2 ===
ptr  140248987279040.
=== node 3 ===
ptr  140248987279416.
=== node 4 ===
ptr  140248987287736.
=== node 5 ===
ptr  140248987295304.
=== node 6 ===
ptr  140248987302496.
=== node 7 ===
ptr  140248987307056.
=== node 8 ===
ptr  140248987317632.
=== node 9 ===
ptr  140248987343816.
=== node 10 ===
ptr  140248987351760.
 === end ===
 === all good ===
 ===== END NEW FILE test.gala ===== 
AFTER PARSE 140248991166480.
=== node 1 ===
Extern 140248991166856
AFTER PARSE 140248991166856.
=== node 2 ===
AFTER PARSE 140248991168360.
=== node 3 ===
AFTER PARSE 140248991168736.
=== node 4 ===
AFTER PARSE 140248991177808.
 === namecheck ===
=== node 0 ===
ptr  140248991166480.
=== node 1 ===
ptr  140248991166856.
=== node 2 ===
ptr  140248991168360.
=== node 3 ===
ptr  140248991168736.
=== node 4 ===
ptr  140248991177808.
 === typecheck ===
=== node 0 ===
ptr  140248991166480.
=== node 1 ===
ptr  140248991166856.
=== node 2 ===
ptr  140248991168360.
=== node 3 ===
ptr  140248991168736.
=== node 4 ===
ptr  140248991177808.
=== node 0 ===
 ===== NEW FILE test.gala ===== 
=== node 0 ===
AFTER PARSE 140381403734784.
=== node 1 ===
AFTER PARSE 140381403736288.
=== node 2 ===
AFTER PARSE 140381403737792.
=== node 3 ===
AFTER PARSE 140381403738168.
=== node 4 ===
AFTER PARSE 140381403746488.
=== node 5 ===
AFTER PARSE 140381403754056.
=== node 6 ===
AFTER PARSE 140381403761248.
=== node 7 ===
AFTER PARSE 140381403765808.
=== node 8 ===
AFTER PARSE 140381403776384.
=== node 9 ===
AFTER PARSE 140381403802568.
=== node 10 ===
AFTER PARSE 140381403810512.
 === namecheck ===
=== node 0 ===
ptr  140381403734784.
=== node 1 ===
ptr  140381403736288.
=== node 2 ===
ptr  140381403737792.
=== node 3 ===
ptr  140381403738168.
=== node 4 ===
ptr  140381403746488.
=== node 5 ===
ptr  140381403754056.
=== node 6 ===
ptr  140381403761248.
=== node 7 ===
ptr  140381403765808.
=== node 8 ===
ptr  140381403776384.
=== node 9 ===
ptr  140381403802568.
=== node 10 ===
ptr  140381403810512.
 === typecheck ===
=== node 0 ===
ptr  140381403734784.
=== node 1 ===
ptr  140381403736288.
=== node 2 ===
ptr  140381403737792.
=== node 3 ===
ptr  140381403738168.
=== node 4 ===
ptr  140381403746488.
=== node 5 ===
ptr  140381403754056.
=== node 6 ===
ptr  140381403761248.
=== node 7 ===
ptr  140381403765808.
=== node 8 ===
ptr  140381403776384.
=== node 9 ===
ptr  140381403802568.
=== node 10 ===
ptr  140381403810512.
 === end ===
 === all good ===
 ===== END NEW FILE test.gala ===== 
AFTER PARSE 140381407625232.
=== node 1 ===
Extern 140381407625608
AFTER PARSE 140381407625608.
=== node 2 ===
AFTER PARSE 140381407627112.
=== node 3 ===
AFTER PARSE 140381407627488.
=== node 4 ===
AFTER PARSE 140381407636560.
 === namecheck ===
=== node 0 ===
ptr  140381407625232.
=== node 1 ===
ptr  140381407625608.
=== node 2 ===
ptr  140381407627112.
=== node 3 ===
ptr  140381407627488.
=== node 4 ===
ptr  140381407636560.
 === typecheck ===
=== node 0 ===
ptr  140381407625232.
=== node 1 ===
ptr  140381407625608.
=== node 2 ===
ptr  140381407627112.
=== node 3 ===
ptr  140381407627488.
=== node 4 ===
ptr  140381407636560.
=== node 0 ===
 ===== NEW FILE test.gala ===== 
=== node 0 ===
AFTER PARSE 140220585468672.
=== node 1 ===
AFTER PARSE 140220585470176.
=== node 2 ===
AFTER PARSE 140220585471680.
=== node 3 ===
AFTER PARSE 140220585472056.
=== node 4 ===
AFTER PARSE 140220585480376.
=== node 5 ===
AFTER PARSE 140220585487944.
=== node 6 ===
AFTER PARSE 140220585495136.
=== node 7 ===
AFTER PARSE 140220585499696.
=== node 8 ===
AFTER PARSE 140220585510272.
=== node 9 ===
AFTER PARSE 140220585536456.
=== node 10 ===
AFTER PARSE 140220585544400.
 === namecheck ===
=== node 0 ===
ptr  140220585468672.
=== node 1 ===
ptr  140220585470176.
=== node 2 ===
ptr  140220585471680.
=== node 3 ===
ptr  140220585472056.
=== node 4 ===
ptr  140220585480376.
=== node 5 ===
ptr  140220585487944.
=== node 6 ===
ptr  140220585495136.
=== node 7 ===
ptr  140220585499696.
=== node 8 ===
ptr  140220585510272.
=== node 9 ===
ptr  140220585536456.
=== node 10 ===
ptr  140220585544400.
 === typecheck ===
=== node 0 ===
ptr  140220585468672.
=== end  0 ===
=== node 1 ===
ptr  140220585470176.
=== end  1 ===
=== node 2 ===
ptr  140220585471680.
=== end  2 ===
=== node 3 ===
ptr  140220585472056.
=== end  3 ===
=== node 4 ===
ptr  140220585480376.
=== end  4 ===
=== node 5 ===
ptr  140220585487944.
=== end  5 ===
=== node 6 ===
ptr  140220585495136.
=== end  6 ===
=== node 7 ===
ptr  140220585499696.
=== end  7 ===
=== node 8 ===
ptr  140220585510272.
=== end  8 ===
=== node 9 ===
ptr  140220585536456.
=== end  9 ===
=== node 10 ===
ptr  140220585544400.
=== end  10 ===
 === end ===
 === all good ===
 ===== END NEW FILE test.gala ===== 
AFTER PARSE 140220589359120.
=== node 1 ===
Extern 140220589359496
AFTER PARSE 140220589359496.
=== node 2 ===
AFTER PARSE 140220589361000.
=== node 3 ===
AFTER PARSE 140220589361376.
=== node 4 ===
AFTER PARSE 140220589370448.
 === namecheck ===
=== node 0 ===
ptr  140220589359120.
=== node 1 ===
ptr  140220589359496.
=== node 2 ===
ptr  140220589361000.
=== node 3 ===
ptr  140220589361376.
=== node 4 ===
ptr  140220589370448.
 === typecheck ===
=== node 0 ===
ptr  140220589359120.
=== end  0 ===
=== node 1 ===
ptr  140220589359496.
=== end  1 ===
=== node 2 ===
ptr  140220589361000.
=== end  2 ===
=== node 3 ===
ptr  140220589361376.
=== end  3 ===
=== node 4 ===
ptr  140220589370448.
=== node 0 ===
 ===== NEW FILE test.gala ===== 
=== node 0 ===
AFTER PARSE 140025641661184.
=== node 1 ===
AFTER PARSE 140025641662688.
=== node 2 ===
AFTER PARSE 140025641664192.
=== node 3 ===
AFTER PARSE 140025641664568.
=== node 4 ===
AFTER PARSE 140025641672888.
=== node 5 ===
AFTER PARSE 140025641680456.
=== node 6 ===
AFTER PARSE 140025641687648.
=== node 7 ===
AFTER PARSE 140025641692208.
=== node 8 ===
AFTER PARSE 140025641702784.
=== node 9 ===
AFTER PARSE 140025641728968.
=== node 10 ===
AFTER PARSE 140025641736912.
 === namecheck ===
=== node 0 ===
ptr  140025641661184.
=== node 1 ===
ptr  140025641662688.
=== node 2 ===
ptr  140025641664192.
=== node 3 ===
ptr  140025641664568.
=== node 4 ===
ptr  140025641672888.
=== node 5 ===
ptr  140025641680456.
=== node 6 ===
ptr  140025641687648.
=== node 7 ===
ptr  140025641692208.
=== node 8 ===
ptr  140025641702784.
=== node 9 ===
ptr  140025641728968.
=== node 10 ===
ptr  140025641736912.
 === typecheck ===
=== node 0 ===
ptr  140025641661184.
=== end  0 ===
=== node 1 ===
ptr  140025641662688.
=== end  1 ===
=== node 2 ===
ptr  140025641664192.
=== end  2 ===
=== node 3 ===
ptr  140025641664568.
=== end  3 ===
=== node 4 ===
ptr  140025641672888.
=== end  4 ===
=== node 5 ===
ptr  140025641680456.
=== end  5 ===
=== node 6 ===
ptr  140025641687648.
=== end  6 ===
=== node 7 ===
ptr  140025641692208.
=== end  7 ===
=== node 8 ===
ptr  140025641702784.
=== end  8 ===
=== node 9 ===
ptr  140025641728968.
=== end  9 ===
=== node 10 ===
ptr  140025641736912.
=== end  10 ===
 === end ===
 === all good ===
 ===== END NEW FILE test.gala ===== 
AFTER PARSE 140025645551632.
=== node 1 ===
Extern 140025645552008
AFTER PARSE 140025645552008.
=== node 2 ===
AFTER PARSE 140025645553512.
=== node 3 ===
AFTER PARSE 140025645553888.
=== node 4 ===
AFTER PARSE 140025645562960.
 === namecheck ===
=== node 0 ===
ptr  140025645551632.
=== node 1 ===
ptr  140025645552008.
=== node 2 ===
ptr  140025645553512.
=== node 3 ===
ptr  140025645553888.
=== node 4 ===
ptr  140025645562960.
 === typecheck ===
=== node 0 ===
ptr  140025645551632.
=== end  0 ===
=== node 1 ===
ptr  140025645552008.
=== end  1 ===
=== node 2 ===
ptr  140025645553512.
=== end  2 ===
=== node 3 ===
ptr  140025645553888.
=== end  3 ===
=== node 4 ===
ptr  140025645562960.
=== end  4 ===
 === end ===
 === all good ===
=== node 0 ===
 ===== NEW FILE test.gala ===== 
=== node 0 ===
AFTER PARSE 139984335471360.
=== node 1 ===
AFTER PARSE 139984335472864.
=== node 2 ===
AFTER PARSE 139984335474368.
=== node 3 ===
AFTER PARSE 139984335474744.
=== node 4 ===
AFTER PARSE 139984335483064.
=== node 5 ===
AFTER PARSE 139984335490632.
=== node 6 ===
AFTER PARSE 139984335497824.
=== node 7 ===
AFTER PARSE 139984335502384.
=== node 8 ===
AFTER PARSE 139984335512960.
=== node 9 ===
AFTER PARSE 139984335539144.
=== node 10 ===
AFTER PARSE 139984335547088.
 === namecheck ===
=== node 0 ===
ptr  139984335471360.
=== node 1 ===
ptr  139984335472864.
=== node 2 ===
ptr  139984335474368.
=== node 3 ===
ptr  139984335474744.
=== node 4 ===
ptr  139984335483064.
=== node 5 ===
ptr  139984335490632.
=== node 6 ===
ptr  139984335497824.
=== node 7 ===
ptr  139984335502384.
=== node 8 ===
ptr  139984335512960.
=== node 9 ===
ptr  139984335539144.
=== node 10 ===
ptr  139984335547088.
 === typecheck ===
=== node 0 ===
ptr    139984335471360.
after  139984335471360.
=== end  0 ===
=== node 1 ===
ptr    139984335472864.
after  139984335472864.
=== end  1 ===
=== node 2 ===
ptr    139984335474368.
after  139984335474368.
=== end  2 ===
=== node 3 ===
ptr    139984335474744.
after  139984335474744.
=== end  3 ===
=== node 4 ===
ptr    139984335483064.
after  139984335483064.
=== end  4 ===
=== node 5 ===
ptr    139984335490632.
after  139984335490632.
=== end  5 ===
=== node 6 ===
ptr    139984335497824.
after  139984335497824.
=== end  6 ===
=== node 7 ===
ptr    139984335502384.
after  139984335502384.
=== end  7 ===
=== node 8 ===
ptr    139984335512960.
after  139984335512960.
=== end  8 ===
=== node 9 ===
ptr    139984335539144.
after  139984335539144.
=== end  9 ===
=== node 10 ===
ptr    139984335547088.
after  139984335547088.
=== end  10 ===
 === end ===
 === all good ===
 ===== END NEW FILE test.gala ===== 
AFTER PARSE 139984339361808.
=== node 1 ===
Extern 139984339362184
AFTER PARSE 139984339362184.
=== node 2 ===
AFTER PARSE 139984339363688.
=== node 3 ===
AFTER PARSE 139984339364064.
=== node 4 ===
AFTER PARSE 139984339373136.
 === namecheck ===
=== node 0 ===
ptr  139984339361808.
=== node 1 ===
ptr  139984339362184.
=== node 2 ===
ptr  139984339363688.
=== node 3 ===
ptr  139984339364064.
=== node 4 ===
ptr  139984339373136.
 === typecheck ===
=== node 0 ===
ptr    139984339361808.
after  139984339361808.
=== end  0 ===
=== node 1 ===
ptr    139984339362184.
after  139984339362184.
=== end  1 ===
=== node 2 ===
ptr    139984339363688.
after  139984339363688.
=== end  2 ===
=== node 3 ===
ptr    139984339364064.
after  139984339364064.
=== end  3 ===
=== node 4 ===
ptr    139984339373136.
after  139984339373136.
=== end  4 ===
 === end ===
 === all good ===
=== node 0 ===
 ===== NEW FILE test.gala ===== 
=== node 0 ===
AFTER PARSE 139701307810560.
=== node 1 ===
AFTER PARSE 139701307812064.
=== node 2 ===
AFTER PARSE 139701307813568.
=== node 3 ===
AFTER PARSE 139701307813944.
=== node 4 ===
AFTER PARSE 139701307822264.
=== node 5 ===
AFTER PARSE 139701307829832.
=== node 6 ===
AFTER PARSE 139701307837024.
=== node 7 ===
AFTER PARSE 139701307841584.
=== node 8 ===
AFTER PARSE 139701307852160.
=== node 9 ===
AFTER PARSE 139701307878344.
=== node 10 ===
AFTER PARSE 139701307886288.
 === namecheck ===
=== node 0 ===
ptr  139701307810560.
=== node 1 ===
ptr  139701307812064.
=== node 2 ===
ptr  139701307813568.
=== node 3 ===
ptr  139701307813944.
=== node 4 ===
ptr  139701307822264.
=== node 5 ===
ptr  139701307829832.
=== node 6 ===
ptr  139701307837024.
=== node 7 ===
ptr  139701307841584.
=== node 8 ===
ptr  139701307852160.
=== node 9 ===
ptr  139701307878344.
=== node 10 ===
ptr  139701307886288.
 === typecheck ===
=== node 0 ===
ptr    139701307810560.
after  139701307810560.
=== end  0 ===
=== node 1 ===
ptr    139701307812064.
after  139701307812064.
=== end  1 ===
=== node 2 ===
ptr    139701307813568.
after  139701307813568.
=== end  2 ===
=== node 3 ===
ptr    139701307813944.
after  139701307813944.
=== end  3 ===
=== node 4 ===
ptr    139701307822264.
after  139701307822264.
=== end  4 ===
=== node 5 ===
ptr    139701307829832.
after  139701307829832.
=== end  5 ===
=== node 6 ===
ptr    139701307837024.
after  139701307837024.
=== end  6 ===
=== node 7 ===
ptr    139701307841584.
after  139701307841584.
=== end  7 ===
=== node 8 ===
ptr    139701307852160.
after  139701307852160.
=== end  8 ===
=== node 9 ===
ptr    139701307878344.
after  139701307878344.
=== end  9 ===
=== node 10 ===
ptr    139701307886288.
after  139701307886288.
=== end  10 ===
 === end ===
 === all good ===
 ===== END NEW FILE test.gala ===== 
AFTER PARSE 139701311701008.
=== node 1 ===
Extern 139701311701384
AFTER PARSE 139701311701384.
=== node 2 ===
AFTER PARSE 139701311702888.
=== node 3 ===
AFTER PARSE 139701311703264.
=== node 4 ===
AFTER PARSE 139701311712336.
 === namecheck ===
=== node 0 ===
ptr  139701311701008.
=== node 1 ===
ptr  139701311701384.
=== node 2 ===
ptr  139701311702888.
=== node 3 ===
ptr  139701311703264.
=== node 4 ===
ptr  139701311712336.
 === typecheck ===
=== node 0 ===
ptr    139701311701008.
after  139701311701008.
=== end  0 ===
=== node 1 ===
ptr    139701311701384.
after  139701311701384.
=== end  1 ===
=== node 2 ===
ptr    139701311702888.
after  139701311702888.
=== end  2 ===
=== node 3 ===
ptr    139701311703264.
after  139701311703264.
=== end  3 ===
=== node 4 ===
ptr    139701311712336.
after  139701311712336.
=== end  4 ===
 === end ===
 === all good ===
=== node 0 ===
 ===== NEW FILE test.gala ===== 
=== node 0 ===
AFTER PARSE 140209224004352.
=== node 1 ===
AFTER PARSE 140209224005856.
=== node 2 ===
AFTER PARSE 140209224007360.
=== node 3 ===
AFTER PARSE 140209224007736.
=== node 4 ===
AFTER PARSE 140209224016056.
=== node 5 ===
AFTER PARSE 140209224023624.
=== node 6 ===
AFTER PARSE 140209224030816.
=== node 7 ===
AFTER PARSE 140209224035376.
=== node 8 ===
AFTER PARSE 140209224045952.
=== node 9 ===
AFTER PARSE 140209224072136.
=== node 10 ===
AFTER PARSE 140209224080080.
 === namecheck ===
=== node 0 ===
ptr  140209224004352.
=== node 1 ===
ptr  140209224005856.
=== node 2 ===
ptr  140209224007360.
=== node 3 ===
ptr  140209224007736.
=== node 4 ===
ptr  140209224016056.
=== node 5 ===
ptr  140209224023624.
=== node 6 ===
ptr  140209224030816.
=== node 7 ===
ptr  140209224035376.
=== node 8 ===
ptr  140209224045952.
=== node 9 ===
ptr  140209224072136.
=== node 10 ===
ptr  140209224080080.
 === typecheck ===
=== node 0 ===
ptr    140209224004352.
after  140209224004352.
=== end  0 ===
=== node 1 ===
ptr    140209224005856.
after  140209224005856.
=== end  1 ===
=== node 2 ===
ptr    140209224007360.
after  140209224007360.
=== end  2 ===
=== node 3 ===
ptr    140209224007736.
after  140209224007736.
=== end  3 ===
=== node 4 ===
ptr    140209224016056.
after  140209224016056.
=== end  4 ===
=== node 5 ===
ptr    140209224023624.
after  140209224023624.
=== end  5 ===
=== node 6 ===
ptr    140209224030816.
after  140209224030816.
=== end  6 ===
=== node 7 ===
ptr    140209224035376.
after  140209224035376.
=== end  7 ===
=== node 8 ===
ptr    140209224045952.
after  140209224045952.
=== end  8 ===
=== node 9 ===
ptr    140209224072136.
after  140209224072136.
=== end  9 ===
=== node 10 ===
ptr    140209224080080.
after  140209224080080.
=== end  10 ===
 === end ===
 === all good ===
 ===== END NEW FILE test.gala ===== 
AFTER PARSE 140209227894800.
=== node 1 ===
Extern 140209227895176
AFTER PARSE 140209227895176.
=== node 2 ===
AFTER PARSE 140209227896680.
=== node 3 ===
AFTER PARSE 140209227897056.
=== node 4 ===
AFTER PARSE 140209227906128.
 === namecheck ===
=== node 0 ===
ptr  140209227894800.
=== node 1 ===
ptr  140209227895176.
=== node 2 ===
ptr  140209227896680.
=== node 3 ===
ptr  140209227897056.
=== node 4 ===
ptr  140209227906128.
 === typecheck ===
=== node 0 ===
ptr    140209227894800.
after  140209227894800.
=== end  0 ===
=== node 1 ===
ptr    140209227895176.
after  140209227895176.
=== end  1 ===
=== node 2 ===
ptr    140209227896680.
after  140209227896680.
=== end  2 ===
=== node 3 ===
ptr    140209227897056.
after  140209227897056.
=== end  3 ===
=== node 4 ===
ptr    140209227906128.
after  140209227906128.
=== end  4 ===
 === end ===
 === all good ===
